[ 2025-03-27 17:12:19,193 ] 1025 httpx -INFO-HTTP Request: GET https://dagshub.com/api/v1/user "HTTP/1.1 200 OK"
[ 2025-03-27 17:12:19,198 ] 107 dagshub -INFO-Accessing as sriramkoyi15
[ 2025-03-27 17:12:19,937 ] 1025 httpx -INFO-HTTP Request: GET https://dagshub.com/api/v1/repos/sriramkoyi15/Security "HTTP/1.1 200 OK"
[ 2025-03-27 17:12:20,649 ] 1025 httpx -INFO-HTTP Request: GET https://dagshub.com/api/v1/user "HTTP/1.1 200 OK"
[ 2025-03-27 17:12:20,652 ] 107 dagshub -INFO-Initialized MLflow to track repo "sriramkoyi15/Security"
[ 2025-03-27 17:12:20,652 ] 107 dagshub -INFO-Repository sriramkoyi15/Security initialized!
[ 2025-03-27 17:12:20,659 ] 17 root -INFO-Initiate the data ingestion
[ 2025-03-27 17:12:26,219 ] 53 root -INFO-Performed Traintest split
[ 2025-03-27 17:12:26,220 ] 56 root -INFO-Exporting
[ 2025-03-27 17:12:26,263 ] 59 root -INFO-Exported
[ 2025-03-27 17:12:26,263 ] 19 root -INFO-Data Initiation Completed
[ 2025-03-27 17:12:26,269 ] 22 root -INFO-Initiate the data Validation
[ 2025-03-27 17:12:26,387 ] 32 root -INFO-Required number of columns:2
[ 2025-03-27 17:12:26,387 ] 33 root -INFO-Data from columns:31
[ 2025-03-27 17:12:26,387 ] 32 root -INFO-Required number of columns:2
[ 2025-03-27 17:12:26,387 ] 33 root -INFO-Data from columns:31
[ 2025-03-27 17:12:26,515 ] 24 root -INFO-data Validation Completed
[ 2025-03-27 17:12:26,515 ] 27 root -INFO-Transformation started
[ 2025-03-27 17:12:26,515 ] 41 root -INFO-Data transformation started
[ 2025-03-27 17:12:26,548 ] 41 root -INFO-Entered the save_object method of MainUtils class
[ 2025-03-27 17:12:26,551 ] 45 root -INFO-Exited the save_object method of MainUtils class
[ 2025-03-27 17:12:26,552 ] 41 root -INFO-Entered the save_object method of MainUtils class
[ 2025-03-27 17:12:26,556 ] 45 root -INFO-Exited the save_object method of MainUtils class
[ 2025-03-27 17:12:26,557 ] 30 root -INFO-Model Training sstared
[ 2025-03-27 17:16:41,276 ] 41 root -INFO-Entered the save_object method of MainUtils class
[ 2025-03-27 17:16:41,277 ] 45 root -INFO-Exited the save_object method of MainUtils class
[ 2025-03-27 17:16:41,277 ] 41 root -INFO-Entered the save_object method of MainUtils class
[ 2025-03-27 17:16:41,329 ] 45 root -INFO-Exited the save_object method of MainUtils class
[ 2025-03-27 17:16:41,329 ] 120 root -INFO-Model trainer artifact: ModelTrainerArtifact(trained_model_file_path='Artifacts\\03_27_2025_17_12_14\\model_trainer\\trained_model\\model.pkl', train_metric_artifact=ClassificationMetricArtifact(f1_score=0.9914150085849914, precision_score=0.9889179931493048, recall_score=0.9939246658566221), test_metric_artifact=ClassificationMetricArtifact(f1_score=0.9752736116740981, precision_score=0.9639423076923077, recall_score=0.9868744872846595))
[ 2025-03-27 17:16:41,335 ] 35 root -INFO-Model Training artifact created
